<?xml version="1.0" encoding="UTF-8"?>
<testsuite xmlns:xsi="http://www.w3.org/2001/XMLSchema-instance" xsi:noNamespaceSchemaLocation="https://maven.apache.org/surefire/maven-surefire-plugin/xsd/surefire-test-report-3.0.xsd" version="3.0" name="ro.tuc.OperationTest" time="0.061" tests="6" errors="0" skipped="0" failures="0">
  <properties>
[...]
</properties>
  <testcase name="divisionTest" classname="ro.tuc.OperationTest" time="0.027"/>
  <testcase name="integrateTest" classname="ro.tuc.OperationTest" time="0.004"/>
  <testcase name="addTest" classname="ro.tuc.OperationTest" time="0.001"/>
  <testcase name="multiplicationTest" classname="ro.tuc.OperationTest" time="0.001"/>
  <testcase name="derivativeTest" classname="ro.tuc.OperationTest" time="0.001"/>
  <testcase name="subtractTest" classname="ro.tuc.OperationTest" time="0.001"/>
</testsuite>